[
    {
        "author": "jimmygchen",
        "category": "Cross-layer",
        "parent": "",
        "content": "there's also `version: bellatrix` in the response which could help with this as well",
        "created_at": "2023-02-17T05:47:30.890000+00:00",
        "attachments": []
    },
    {
        "author": "nishant0",
        "category": "Cross-layer",
        "parent": "",
        "content": "fyi \u003c@539495253418180618\u003e \n```\nthread 'tokio-runtime-worker' panicked at 'called `Result::unwrap()` on an `Err` value: Error(\"missing field `params`\", line: 1, column: 47)', mev-rs/src/engine_api_proxy/server.rs:110:79\nnote: run with `RUST_BACKTRACE=1` environment variable to display a backtrace\nthread 'tokio-runtime-worker' panicked at 'called `Result::unwrap()` on an `Err` value: Error(\"missing field `params`\", line: 1, column: 47)', mev-rs/src/engine_api_proxy/server.rs:110:79\nthread 'tokio-runtime-worker' panicked at 'called `Result::unwrap()` on an `Err` value: Error(\"missing field `params`\", line: 1, column: 47)', mev-rs/src/engine_api_proxy/server.rs:110:79\nthread 'tokio-runtime-worker' panicked at 'called `Result::unwrap()` on an `Err` value: Error(\"missing field `params`\", line: 1, column: 47)', mev-rs/src/engine_api_proxy/server.rs:110:79\nthread 'tokio-runtime-worker' panicked at 'called `Result::unwrap()` on an `Err` value: Error(\"missing field `params`\", line: 1, column: 47)', mev-rs/src/engine_api_proxy/server.rs:110:79\nthread 'tokio-runtime-worker' panicked at 'called `Result::unwrap()` on an `Err` value: Error(\"missing field `params`\", line: 1, column: 47)', mev-rs/src/engine_api_proxy/server.rs:110:79\nthread 'tokio-runtime-worker' panicked at 'called `Result::unwrap()` on an `Err` value: Error(\"missing field `params`\", line: 1, column: 47)', mev-rs/src/engine_api_proxy/server.rs:110:79\nthread 'tokio-runtime-worker' panicked at 'called `Result::unwrap()` on an `Err` value: Error(\"missing field `params`\", line: 1, column: 47)', mev-rs/src/engine_api_proxy/server.rs:110:79\n```\nI get this when running with the builder",
        "created_at": "2023-02-17T12:48:13.621000+00:00",
        "attachments": []
    }
]