[
    {
        "author": "thekkiidd",
        "category": "Testing",
        "parent": "",
        "content": "following this guide now https://github.com/remyroy/ethstaker/blob/main/merge-devnet.md  trying \"make geth\" gives me the following error:\n\nenv GO111MODULE=on go run build/ci.go install ./cmd/geth\nenv: â€˜goâ€™: No such file or directory\nmake: *** [Makefile:12: geth] Error 127",
        "created_at": "2021-12-25T06:12:22.223000+00:00",
        "attachments": null
    },
    {
        "author": "mariusvanderwijden",
        "category": "Testing",
        "parent": "",
        "content": "You need to install golang",
        "created_at": "2021-12-25T08:21:06.813000+00:00",
        "attachments": null
    },
    {
        "author": "thekkiidd",
        "category": "Testing",
        "parent": "",
        "content": "thanks, i am trying now. odd because the steps before this mention installing it in the Prerequisites section and it all installed fine. GUessing there is a difference between go and golang?",
        "created_at": "2021-12-25T13:31:13.608000+00:00",
        "attachments": null
    },
    {
        "author": "mariusvanderwijden",
        "category": "Testing",
        "parent": "",
        "content": "No there's not ðŸ™ˆ could be that you didn't have golang installed properly (maybe it is not in your PATH)",
        "created_at": "2021-12-25T13:33:32.806000+00:00",
        "attachments": null
    },
    {
        "author": "seamonkey82",
        "category": "Testing",
        "parent": "",
        "content": "Anyone get nimbus working?  I'm getting this:\n```\nWRN 2021-12-25 09:15:38.005-05:00 Unknown constants in config file           unknowns=\"@[\\\"TERMINAL_BLOCK_HASH_ACTIVATION_EPOCH\\\"]\"\nINF 2021-12-25 09:15:38.014-05:00 Threadpool started                         topics=\"beacnde\" numThreads=1\nINF 2021-12-25 09:15:38.268-05:00 Loading block dag from database            topics=\"beacnde\" path=~/eth/kintsugi-nimbus-geth/db\nINF 2021-12-25 09:15:38.419-05:00 Block dag initialized                      topics=\"beacnde\" head=3bed1de7:0 finalizedHead=3bed1de7:0 tail=3bed1de7:0 totalBlocks=1 backfill=\"(0, \\\"00000000\\\")\"\nFAT 2021-12-25 09:15:38.420-05:00 Failed to locate the deposit contract deployment block topics=\"beacnde\" depositContract=0x4242424242424242424242424242424242424242 deploymentBlock=\"(isHash: true, hash: 0000000000000000000000000000000000000000000000000000000000000000)\"\n```",
        "created_at": "2021-12-25T14:53:44.348000+00:00",
        "attachments": null
    },
    {
        "author": "thekkiidd",
        "category": "Testing",
        "parent": "",
        "content": "Not sure. But originally I just followed the directions on the website I linked:\nInstall a recent version of Go.\n\n$ wget https://go.dev/dl/go1.17.5.linux-amd64.tar.gz\n$ sudo rm -rf /usr/local/go \u0026\u0026 sudo tar -C /usr/local -xzf go1.17.5.linux-amd64.tar.gz\n$ export PATH=$PATH:/usr/local/go/bin\n$ echo 'PATH=\"$PATH:/usr/local/go/bin\"' \u003e\u003e ~/.profile\n$ rm go1.17.5.linux-amd64.tar.gz\n\nThis time it worked when I installed using:  sudo apt install golang-go",
        "created_at": "2021-12-25T15:11:35.489000+00:00",
        "attachments": null
    },
    {
        "author": "seamonkey82",
        "category": "Testing",
        "parent": "",
        "content": "\u003c@!394119781084823552\u003e Just a warning that if you use both methods to install go, you may end up with both `/usr/local/go/bin` and `$HOME/go/bin`, so you'll want to pay attention to which directory `go install` places things and make sure that one is included in your $PATH.",
        "created_at": "2021-12-25T15:17:06.715000+00:00",
        "attachments": null
    },
    {
        "author": "thekkiidd",
        "category": "Testing",
        "parent": "",
        "content": "OK, thanks. So I got this when trying to \"make\" lighthouse \nerror: failed to run custom build command for `mdbx-sys v0.11.1`\n\nCaused by:\n  process didn't exit successfully: `/home/t730/lighthouse/target/release/build/mdbx-sys-b45cf768acee4f3d/build-script-build` (exit status: 101)\n  --- stderr\n  thread 'main' panicked at 'Unable to find libclang: \"couldn't find any valid shared libraries matching: ['libclang.so', 'libclang-*.so', 'libclang.so.*', 'libclang-*.so.*'], set the `LIBCLANG_PATH` environment variable to a path where one of these files can be found (invalid: [])\"', /home/t730/.cargo/registry/src/github.com-1ecc6299db9ec823/bindgen-0.59.2/src/lib.rs:2144:31\n  note: run with `RUST_BACKTRACE=1` environment variable to display a backtrace\nwarning: build failed, waiting for other jobs to finish...\nerror: failed to compile `lighthouse v2.0.1 (/home/t730/lighthouse/lighthouse)`, intermediate artifacts can be found at `/home/t730/lighthouse/target`\n\nCaused by:\n  build failed\nmake: *** [Makefile:28: install] Error 101",
        "created_at": "2021-12-25T16:20:21.756000+00:00",
        "attachments": null
    },
    {
        "author": "seamonkey82",
        "category": "Testing",
        "parent": "",
        "content": "\u003c@!394119781084823552\u003e Try `cargo build --bin lighthouse --release`.  I don't know if it will make a difference, but that's how I built in order to avoid overwriting my existing stable version of lighthouse.",
        "created_at": "2021-12-25T17:36:53.804000+00:00",
        "attachments": null
    },
    {
        "author": "seamonkey82",
        "category": "Testing",
        "parent": "",
        "content": "If it builds successfully, the binary can be found in `$HOME/.cargo/bin`",
        "created_at": "2021-12-25T17:39:06.079000+00:00",
        "attachments": null
    },
    {
        "author": "ohraemez",
        "category": "Testing",
        "parent": "",
        "content": "I got Nimbus running with geth. I also saw this error at first, when the connection to geth was not working correctly. I think the problem was that the doc said to use --web3-url=ws://127.0.0.1:8545, but geth has the WebSocket on port 8546 per default.",
        "created_at": "2021-12-25T21:58:00.878000+00:00",
        "attachments": null
    }
]