[
    {
        "author": "ohraemez",
        "category": "Testing",
        "parent": "",
        "content": "So I have an interesting problem with lighthouse:\nTake a lighthouse instance with a synced data dir and an EL with a fresh data dir.\nGeth syncs up without any problems, but Nethermind and Besu do not.\n\nNethermind errors look like this:\n`2022-03-26 04:08:36.2070|Syncing... Block 0x78c3d6fb73334a2bb9dd65062552fc0629bc43823d57658c29987ae3438f3f86 not found.`\n\n\nBesu errors look like this:\n`2022-03-26 03:59:55.935+00:00 | nioEventLoopGroup-3-4 | WARN  | BackwardSyncContext | there was an uncaught exception during backward sync\njava.util.concurrent.CompletionException: org.hyperledger.besu.ethereum.eth.sync.backwardsync.BackwardSyncException: Did not receive a header for hash {}0xcf9e2f23fd50da1477dece87675c27b303f40f9c66a3fe49c4fd9177987eacd0\n        at java.base/java.util.concurrent.CompletableFuture.encodeThrowable(CompletableFuture.java:314)\n        at java.base/java.util.concurrent.CompletableFuture.completeThrowable(CompletableFuture.java:319)\n        at java.base/java.util.concurrent.CompletableFuture$UniApply.tryFire(CompletableFuture.java:645)\n        at java.base/java.util.concurrent.CompletableFuture.postComplete(CompletableFuture.java:506)\n        at java.base/java.util.concurrent.CompletableFuture.complete(CompletableFuture.java:2073)\n        at org.hyperledger.besu.util.FutureUtils.lambda$propagateResult$1(FutureUtils.java:74)\n        at java.base/java.util.concurrent.CompletableFuture.uniWhenComplete(CompletableFuture.java:859)`",
        "created_at": "2022-03-26T04:19:18.410000+00:00",
        "attachments": []
    },
    {
        "author": "ohraemez",
        "category": "Testing",
        "parent": "",
        "content": "Hmm just repeated the same test but with Teku as CL.\n`teku-geth -\u003e OK\nteku-nehtermind -\u003e Not OK (Same Problem as with Lighthouse)\nteku-besu -\u003e OK (but did not work with Lighthouse as CL)`\nNot I am even more confused... ü§∑‚Äç‚ôÇÔ∏è üôÇ",
        "created_at": "2022-03-26T04:57:07.660000+00:00",
        "attachments": []
    },
    {
        "author": "marekm3498",
        "category": "Testing",
        "parent": "",
        "content": "Hi, Thx for reporting. We are aware of some syncing issues. Our team is reworking syncing code.",
        "created_at": "2022-03-26T19:32:14.436000+00:00",
        "attachments": []
    }
]